Library/Bee/Android/Prj/Mono2x/Gradle/unityLibrary/build/intermediates/manifest_merge_blame_file/debug/manifest-merger-blame-debug-report.txt
1<?xml version="1.0" encoding="utf-8"?>
2<manifest xmlns:android="http://schemas.android.com/apk/res/android"
3    xmlns:tools="http://schemas.android.com/tools"
4    package="com.unity3d.player" >
5
6    <uses-sdk
7        android:minSdkVersion="22"
7-->src\main\AndroidManifest.xml
8        android:targetSdkVersion="32" />
8-->src\main\AndroidManifest.xml
9
10    <supports-gl-texture android:name="GL_KHR_texture_compression_astc_ldr" />
10-->src\main\AndroidManifest.xml:3:3-77
10-->src\main\AndroidManifest.xml:3:24-74
11
12    <uses-permission android:name="android.permission.INTERNET" />
12-->src\main\AndroidManifest.xml:4:3-65
12-->src\main\AndroidManifest.xml:4:20-62
13
14    <uses-feature android:glEsVersion="0x00030000" />
14-->src\main\AndroidManifest.xml:5:3-52
14-->src\main\AndroidManifest.xml:5:17-49
15    <uses-feature
15-->src\main\AndroidManifest.xml:6:3-91
16        android:name="android.hardware.vulkan.version"
16-->src\main\AndroidManifest.xml:6:17-63
17        android:required="false" />
17-->src\main\AndroidManifest.xml:6:64-88
18    <uses-feature
18-->src\main\AndroidManifest.xml:7:3-88
19        android:name="android.hardware.touchscreen"
19-->src\main\AndroidManifest.xml:7:17-60
20        android:required="false" />
20-->src\main\AndroidManifest.xml:7:61-85
21    <uses-feature
21-->src\main\AndroidManifest.xml:8:3-99
22        android:name="android.hardware.touchscreen.multitouch"
22-->src\main\AndroidManifest.xml:8:17-71
23        android:required="false" />
23-->src\main\AndroidManifest.xml:8:72-96
24    <uses-feature
24-->src\main\AndroidManifest.xml:9:3-108
25        android:name="android.hardware.touchscreen.multitouch.distinct"
25-->src\main\AndroidManifest.xml:9:17-80
26        android:required="false" />
26-->src\main\AndroidManifest.xml:9:81-105
27
28    <application android:extractNativeLibs="true" >
28-->src\main\AndroidManifest.xml:10:3-25:17
28-->src\main\AndroidManifest.xml:10:16-48
29        <meta-data
29-->src\main\AndroidManifest.xml:11:5-69
30            android:name="unity.splash-mode"
30-->src\main\AndroidManifest.xml:11:16-48
31            android:value="0" />
31-->src\main\AndroidManifest.xml:11:49-66
32        <meta-data
32-->src\main\AndroidManifest.xml:12:5-74
33            android:name="unity.splash-enable"
33-->src\main\AndroidManifest.xml:12:16-50
34            android:value="True" />
34-->src\main\AndroidManifest.xml:12:51-71
35        <meta-data
35-->src\main\AndroidManifest.xml:13:5-78
36            android:name="unity.launch-fullscreen"
36-->src\main\AndroidManifest.xml:13:16-54
37            android:value="True" />
37-->src\main\AndroidManifest.xml:13:55-75
38        <meta-data
38-->src\main\AndroidManifest.xml:14:5-84
39            android:name="unity.allow-resizable-window"
39-->src\main\AndroidManifest.xml:14:16-59
40            android:value="False" />
40-->src\main\AndroidManifest.xml:14:60-81
41        <meta-data
41-->src\main\AndroidManifest.xml:15:5-81
42            android:name="notch.config"
42-->src\main\AndroidManifest.xml:15:16-43
43            android:value="portrait|landscape" />
43-->src\main\AndroidManifest.xml:15:44-78
44        <meta-data
44-->src\main\AndroidManifest.xml:16:5-84
45            android:name="unity.auto-report-fully-drawn"
45-->src\main\AndroidManifest.xml:16:16-60
46            android:value="true" />
46-->src\main\AndroidManifest.xml:16:61-81
47
48        <activity
48-->src\main\AndroidManifest.xml:17:5-24:16
49            android:name="com.unity3d.player.UnityPlayerActivity"
49-->src\main\AndroidManifest.xml:17:15-68
50            android:configChanges="mcc|mnc|locale|touchscreen|keyboard|keyboardHidden|navigation|orientation|screenLayout|uiMode|screenSize|smallestScreenSize|fontScale|layoutDirection|density"
50-->src\main\AndroidManifest.xml:17:180-361
51            android:exported="true"
51-->src\main\AndroidManifest.xml:17:433-456
52            android:hardwareAccelerated="false"
52-->src\main\AndroidManifest.xml:17:397-432
53            android:launchMode="singleTask"
53-->src\main\AndroidManifest.xml:17:148-179
54            android:resizeableActivity="false"
54-->src\main\AndroidManifest.xml:17:362-396
55            android:screenOrientation="fullUser"
55-->src\main\AndroidManifest.xml:17:111-147
56            android:theme="@style/UnityThemeSelector" >
56-->src\main\AndroidManifest.xml:17:69-110
57            <intent-filter>
57-->src\main\AndroidManifest.xml:18:7-21:23
58                <category android:name="android.intent.category.LAUNCHER" />
58-->src\main\AndroidManifest.xml:19:9-69
58-->src\main\AndroidManifest.xml:19:19-66
59
60                <action android:name="android.intent.action.MAIN" />
60-->src\main\AndroidManifest.xml:20:9-61
60-->src\main\AndroidManifest.xml:20:17-58
61            </intent-filter>
62
63            <meta-data
63-->src\main\AndroidManifest.xml:22:7-82
64                android:name="unityplayer.UnityActivity"
64-->src\main\AndroidManifest.xml:22:18-58
65                android:value="true" />
65-->src\main\AndroidManifest.xml:22:59-79
66            <meta-data
66-->src\main\AndroidManifest.xml:23:7-70
67                android:name="notch_support"
67-->src\main\AndroidManifest.xml:23:18-46
68                android:value="true" />
68-->src\main\AndroidManifest.xml:23:47-67
69        </activity>
70    </application>
71
72</manifest>